[stderr] INFO:     Started server process [50334]
[stderr] INFO:     Waiting for application startup.
[stderr] INFO:     Application startup complete.
[stderr] INFO:     Uvicorn running on http://127.0.0.1:8765 (Press CTRL+C to quit)
INFO:     127.0.0.1:64839 - "GET /health HTTP/1.1" 200 OK
[stderr] INFO:     ('127.0.0.1', 64840) - "WebSocket /ws" [accepted]
[stderr] 2026-07-15 17:47:00 INFO     [codeboarding_pro.ws.server:258] WebSocket connected: session 6f1a4ea3-c0ef-4b86-a0e8-78e2b5fa0771
[stderr] INFO:     connection open
[stderr] 2026-07-15 17:47:00 INFO     [tool_registry.installers:451] Installing Node.js packages: ['pyright@1.1.400', 'typescript-language-server@4.3.4', 'typescript@5.7', 'intelephense@1.16.5']
[stderr] 2026-07-15 17:47:05 INFO     [tool_registry.installers:465] Node.js packages installed successfully
[stderr] 2026-07-15 17:47:05 INFO     [tool_registry.installers:225]   tokei: already installed, skipping
[stderr] 2026-07-15 17:47:05 INFO     [tool_registry.installers:225]   gopls: already installed, skipping
[stderr] 2026-07-15 17:47:05 INFO     [tool_registry.installers:225]   rust-analyzer: already installed, skipping
[stderr] 2026-07-15 17:47:05 INFO     [tool_registry.installers:489] java already installed
[stderr] 2026-07-15 17:47:23 WARNING  [tool_registry.installers:397]   csharp-ls: dotnet install failed (exit 1): Tool 'csharp-ls' failed to update due to the following:
[stderr] The settings file in the tool's NuGet package is invalid: Settings file 'DotnetToolSettings.xml' was not found in the package.
[stderr] Tool 'csharp-ls' failed to install. Contact the tool author for assistance.
[stderr] 
[stderr] 2026-07-15 17:47:23 INFO     [codeboarding_pro.lsp.bootstrap:56] LSP startup attempt 1/3
[stderr] 2026-07-15 17:47:23 INFO     [codeboarding_pro.session:182] Session 6f1a4ea3-c0ef-4b86-a0e8-78e2b5fa0771 initialized: repo=/Users/ibrahim/Desktop/GenAI, project=GenAI, output=/Users/ibrahim/Desktop/GenAI/.codeboarding
[stderr] 2026-07-15 17:47:24 INFO     [static_analyzer:238] Starting engine LSP client for Python at /Users/ibrahim/Desktop/GenAI
[stderr] 2026-07-15 17:47:24 INFO     [static_analyzer:263] Python LSP start: 0.2s
[stderr] 2026-07-15 17:47:24 INFO     [codeboarding_pro.file_monitor:106] FileMonitor started for /Users/ibrahim/Desktop/GenAI
[stderr] 2026-07-15 17:47:24 INFO     [codeboarding_pro.session:201] Session 6f1a4ea3-c0ef-4b86-a0e8-78e2b5fa0771: FileMonitor activated
[stderr] 2026-07-15 17:47:24 INFO     [codeboarding_pro.session:242] Session 6f1a4ea3-c0ef-4b86-a0e8-78e2b5fa0771: LSP wiring complete
[stderr] 2026-07-15 17:47:24 INFO     [codeboarding_pro.lsp.bootstrap:67] LSP clients started successfully (attempt 1)
[stderr] 2026-07-15 17:49:10 INFO     [watchfiles.main:308] 1 change detected
[stderr] 2026-07-15 17:49:10 WARNING  [codeboarding_pro.analysis_controller:458] Skipping incremental update: full analysis artifacts not ready yet
[stderr] 2026-07-15 17:49:10 INFO     [codeboarding_pro.analysis_controller:279] No cached analysis results; skipping health report
[stderr] 2026-07-15 17:49:21 INFO     [watchfiles.main:308] 1 change detected
[stderr] 2026-07-15 17:49:22 WARNING  [codeboarding_pro.analysis_controller:458] Skipping incremental update: full analysis artifacts not ready yet
[stderr] 2026-07-15 17:49:22 INFO     [codeboarding_pro.analysis_controller:279] No cached analysis results; skipping health report
[stderr] 2026-07-15 17:49:28 INFO     [watchfiles.main:308] 1 change detected
[stderr] 2026-07-15 17:49:29 WARNING  [codeboarding_pro.analysis_controller:458] Skipping incremental update: full analysis artifacts not ready yet
[stderr] 2026-07-15 17:49:29 INFO     [codeboarding_pro.analysis_controller:279] No cached analysis results; skipping health report
[stderr] 2026-07-15 17:49:34 INFO     [watchfiles.main:308] 1 change detected
[stderr] 2026-07-15 17:49:35 WARNING  [codeboarding_pro.analysis_controller:458] Skipping incremental update: full analysis artifacts not ready yet
[stderr] 2026-07-15 17:49:35 INFO     [codeboarding_pro.analysis_controller:279] No cached analysis results; skipping health report
[stderr] 2026-07-15 17:49:57 INFO     [watchfiles.main:308] 1 change detected
[stderr] 2026-07-15 17:49:58 WARNING  [codeboarding_pro.analysis_controller:458] Skipping incremental update: full analysis artifacts not ready yet
[stderr] 2026-07-15 17:49:58 INFO     [codeboarding_pro.analysis_controller:279] No cached analysis results; skipping health report
[stderr] 2026-07-15 17:53:55 INFO     [watchfiles.main:308] 1 change detected
[stderr] 2026-07-15 17:53:56 WARNING  [codeboarding_pro.analysis_controller:458] Skipping incremental update: full analysis artifacts not ready yet
[stderr] 2026-07-15 17:53:56 INFO     [codeboarding_pro.analysis_controller:279] No cached analysis results; skipping health report
[stderr] 2026-07-15 18:04:41 INFO     [watchfiles.main:308] 1 change detected
[stderr] 2026-07-15 18:04:41 WARNING  [codeboarding_pro.analysis_controller:458] Skipping incremental update: full analysis artifacts not ready yet
[stderr] 2026-07-15 18:04:41 INFO     [codeboarding_pro.analysis_controller:279] No cached analysis results; skipping health report
[stderr] 2026-07-15 18:05:22 INFO     [watchfiles.main:308] 1 change detected
[stderr] 2026-07-15 18:05:23 WARNING  [codeboarding_pro.analysis_controller:458] Skipping incremental update: full analysis artifacts not ready yet
[stderr] 2026-07-15 18:05:23 INFO     [codeboarding_pro.analysis_controller:279] No cached analysis results; skipping health report
[stderr] 2026-07-15 18:05:39 INFO     [watchfiles.main:308] 1 change detected
[stderr] 2026-07-15 18:05:39 WARNING  [codeboarding_pro.analysis_controller:458] Skipping incremental update: full analysis artifacts not ready yet
[stderr] 2026-07-15 18:05:39 INFO     [codeboarding_pro.analysis_controller:279] No cached analysis results; skipping health report
[stderr] 2026-07-15 18:07:50 INFO     [watchfiles.main:308] 1 change detected
[stderr] 2026-07-15 18:07:50 WARNING  [codeboarding_pro.analysis_controller:458] Skipping incremental update: full analysis artifacts not ready yet
[stderr] 2026-07-15 18:07:50 INFO     [codeboarding_pro.analysis_controller:279] No cached analysis results; skipping health report
[stderr] 2026-07-15 18:09:26 INFO     [watchfiles.main:308] 1 change detected
[stderr] 2026-07-15 18:09:27 WARNING  [codeboarding_pro.analysis_controller:458] Skipping incremental update: full analysis artifacts not ready yet
[stderr] 2026-07-15 18:09:27 INFO     [codeboarding_pro.analysis_controller:279] No cached analysis results; skipping health report
[stderr] 2026-07-15 18:09:42 INFO     [watchfiles.main:308] 1 change detected
[stderr] 2026-07-15 18:09:43 WARNING  [codeboarding_pro.analysis_controller:458] Skipping incremental update: full analysis artifacts not ready yet
[stderr] 2026-07-15 18:09:43 INFO     [codeboarding_pro.analysis_controller:279] No cached analysis results; skipping health report
[stderr] 2026-07-15 18:10:49 INFO     [watchfiles.main:308] 1 change detected
[stderr] 2026-07-15 18:10:50 WARNING  [codeboarding_pro.analysis_controller:458] Skipping incremental update: full analysis artifacts not ready yet
[stderr] 2026-07-15 18:10:50 INFO     [codeboarding_pro.analysis_controller:279] No cached analysis results; skipping health report
[stderr] 2026-07-15 18:12:07 INFO     [watchfiles.main:308] 1 change detected
[stderr] 2026-07-15 18:12:08 WARNING  [codeboarding_pro.analysis_controller:458] Skipping incremental update: full analysis artifacts not ready yet
[stderr] 2026-07-15 18:12:08 INFO     [codeboarding_pro.analysis_controller:279] No cached analysis results; skipping health report
[stderr] 2026-07-15 18:12:10 INFO     [watchfiles.main:308] 1 change detected
[stderr] 2026-07-15 18:12:10 WARNING  [codeboarding_pro.analysis_controller:458] Skipping incremental update: full analysis artifacts not ready yet
[stderr] 2026-07-15 18:12:10 INFO     [codeboarding_pro.analysis_controller:279] No cached analysis results; skipping health report
[stderr] 2026-07-15 18:12:13 INFO     [watchfiles.main:308] 1 change detected
[stderr] 2026-07-15 18:12:13 WARNING  [codeboarding_pro.analysis_controller:458] Skipping incremental update: full analysis artifacts not ready yet
[stderr] 2026-07-15 18:12:13 INFO     [codeboarding_pro.analysis_controller:279] No cached analysis results; skipping health report
[stderr] 2026-07-15 18:14:58 INFO     [watchfiles.main:308] 1 change detected
[stderr] 2026-07-15 18:14:58 WARNING  [codeboarding_pro.analysis_controller:458] Skipping incremental update: full analysis artifacts not ready yet
[stderr] 2026-07-15 18:14:58 INFO     [codeboarding_pro.analysis_controller:279] No cached analysis results; skipping health report
[stderr] 2026-07-15 18:18:02 INFO     [watchfiles.main:308] 1 change detected
[stderr] 2026-07-15 18:18:03 WARNING  [codeboarding_pro.analysis_controller:458] Skipping incremental update: full analysis artifacts not ready yet
[stderr] 2026-07-15 18:18:03 INFO     [codeboarding_pro.analysis_controller:279] No cached analysis results; skipping health report
[stderr] 2026-07-15 18:18:09 INFO     [watchfiles.main:308] 1 change detected
[stderr] 2026-07-15 18:18:10 WARNING  [codeboarding_pro.analysis_controller:458] Skipping incremental update: full analysis artifacts not ready yet
[stderr] 2026-07-15 18:18:10 INFO     [codeboarding_pro.analysis_controller:279] No cached analysis results; skipping health report
[stderr] 2026-07-15 18:18:28 INFO     [watchfiles.main:308] 1 change detected
[stderr] 2026-07-15 18:18:29 WARNING  [codeboarding_pro.analysis_controller:458] Skipping incremental update: full analysis artifacts not ready yet
[stderr] 2026-07-15 18:18:29 INFO     [codeboarding_pro.analysis_controller:279] No cached analysis results; skipping health report
[stderr] 2026-07-15 18:18:53 INFO     [watchfiles.main:308] 1 change detected
[stderr] 2026-07-15 18:18:54 WARNING  [codeboarding_pro.analysis_controller:458] Skipping incremental update: full analysis artifacts not ready yet
[stderr] 2026-07-15 18:18:54 INFO     [codeboarding_pro.analysis_controller:279] No cached analysis results; skipping health report
[stderr] 2026-07-15 18:20:36 INFO     [watchfiles.main:308] 1 change detected
[stderr] 2026-07-15 18:20:36 WARNING  [codeboarding_pro.analysis_controller:458] Skipping incremental update: full analysis artifacts not ready yet
[stderr] 2026-07-15 18:20:36 INFO     [codeboarding_pro.analysis_controller:279] No cached analysis results; skipping health report
[stderr] 2026-07-15 18:21:33 INFO     [watchfiles.main:308] 1 change detected
[stderr] 2026-07-15 18:21:33 WARNING  [codeboarding_pro.analysis_controller:458] Skipping incremental update: full analysis artifacts not ready yet
[stderr] 2026-07-15 18:21:33 INFO     [codeboarding_pro.analysis_controller:279] No cached analysis results; skipping health report
[stderr] 2026-07-15 18:21:37 INFO     [watchfiles.main:308] 1 change detected
[stderr] 2026-07-15 18:21:38 WARNING  [codeboarding_pro.analysis_controller:458] Skipping incremental update: full analysis artifacts not ready yet
[stderr] 2026-07-15 18:21:38 INFO     [codeboarding_pro.analysis_controller:279] No cached analysis results; skipping health report
